{"/Users/balavijays/Works/movies-info-react/src/config.js": {"path":"/Users/balavijays/Works/movies-info-react/src/config.js","statementMap":{"0":{"start":{"line":5,"column":16},"end":{"line":5,"column":47}},"1":{"start":{"line":6,"column":16},"end":{"line":6,"column":50}},"2":{"start":{"line":8,"column":24},"end":{"line":8,"column":74}},"3":{"start":{"line":9,"column":25},"end":{"line":9,"column":69}},"4":{"start":{"line":11,"column":23},"end":{"line":11,"column":51}},"5":{"start":{"line":13,"column":22},"end":{"line":13,"column":29}},"6":{"start":{"line":15,"column":20},"end":{"line":15,"column":26}}},"fnMap":{},"branchMap":{},"s":{"0":4,"1":4,"2":4,"3":4,"4":4,"5":4,"6":4},"f":{},"b":{},"_coverageSchema":"43e27e138ebf9cfc5966b082cf9a028302ed4184","hash":"ab0c91f0e857b270f25f8a6cce773afd199aa580"}
,"/Users/balavijays/Works/movies-info-react/src/components/App.js": {"path":"/Users/balavijays/Works/movies-info-react/src/components/App.js","statementMap":{"0":{"start":{"line":11,"column":12},"end":{"line":21,"column":1}},"1":{"start":{"line":12,"column":2},"end":{"line":20,"column":5}}},"fnMap":{"0":{"name":"(anonymous_0)","decl":{"start":{"line":11,"column":12},"end":{"line":11,"column":13}},"loc":{"start":{"line":12,"column":2},"end":{"line":20,"column":5}},"line":12}},"branchMap":{},"s":{"0":1,"1":1},"f":{"0":1},"b":{},"_coverageSchema":"43e27e138ebf9cfc5966b082cf9a028302ed4184","hash":"939211ba3065f4fbabbbbfc9029ba926bd162318"}
,"/Users/balavijays/Works/movies-info-react/src/components/Home.js": {"path":"/Users/balavijays/Works/movies-info-react/src/components/Home.js","statementMap":{"0":{"start":{"line":18,"column":13},"end":{"line":55,"column":1}},"1":{"start":{"line":26,"column":6},"end":{"line":26,"column":20}},"2":{"start":{"line":31,"column":2},"end":{"line":31,"column":56}},"3":{"start":{"line":31,"column":13},"end":{"line":31,"column":56}},"4":{"start":{"line":32,"column":2},"end":{"line":32,"column":37}},"5":{"start":{"line":32,"column":18},"end":{"line":32,"column":37}},"6":{"start":{"line":34,"column":2},"end":{"line":54,"column":4}},"7":{"start":{"line":38,"column":14},"end":{"line":48,"column":16}}},"fnMap":{"0":{"name":"(anonymous_0)","decl":{"start":{"line":18,"column":13},"end":{"line":18,"column":14}},"loc":{"start":{"line":18,"column":19},"end":{"line":55,"column":1}},"line":18},"1":{"name":"(anonymous_1)","decl":{"start":{"line":37,"column":22},"end":{"line":37,"column":23}},"loc":{"start":{"line":38,"column":14},"end":{"line":48,"column":16}},"line":38}},"branchMap":{"0":{"loc":{"start":{"line":31,"column":2},"end":{"line":31,"column":56}},"type":"if","locations":[{"start":{"line":31,"column":2},"end":{"line":31,"column":56}},{"start":{"line":31,"column":2},"end":{"line":31,"column":56}}],"line":31},"1":{"loc":{"start":{"line":32,"column":2},"end":{"line":32,"column":37}},"type":"if","locations":[{"start":{"line":32,"column":2},"end":{"line":32,"column":37}},{"start":{"line":32,"column":2},"end":{"line":32,"column":37}}],"line":32},"2":{"loc":{"start":{"line":42,"column":20},"end":{"line":44,"column":33}},"type":"cond-expr","locations":[{"start":{"line":43,"column":26},"end":{"line":43,"column":74}},{"start":{"line":44,"column":26},"end":{"line":44,"column":33}}],"line":42},"3":{"loc":{"start":{"line":51,"column":9},"end":{"line":51,"column":31}},"type":"binary-expr","locations":[{"start":{"line":51,"column":9},"end":{"line":51,"column":16}},{"start":{"line":51,"column":20},"end":{"line":51,"column":31}}],"line":51}},"s":{"0":2,"1":2,"2":2,"3":0,"4":2,"5":2,"6":0,"7":0},"f":{"0":2,"1":0},"b":{"0":[0,2],"1":[2,0],"2":[0,0],"3":[0,0]},"_coverageSchema":"43e27e138ebf9cfc5966b082cf9a028302ed4184","hash":"5d235c8f5c313def709be83d3fb853f04fc2742a"}
,"/Users/balavijays/Works/movies-info-react/src/components/Movie.js": {"path":"/Users/balavijays/Works/movies-info-react/src/components/Movie.js","statementMap":{"0":{"start":{"line":12,"column":14},"end":{"line":30,"column":1}},"1":{"start":{"line":13,"column":34},"end":{"line":13,"column":56}},"2":{"start":{"line":14,"column":2},"end":{"line":14,"column":21}},"3":{"start":{"line":15,"column":2},"end":{"line":15,"column":56}},"4":{"start":{"line":15,"column":13},"end":{"line":15,"column":56}},"5":{"start":{"line":16,"column":2},"end":{"line":16,"column":34}},"6":{"start":{"line":16,"column":15},"end":{"line":16,"column":34}},"7":{"start":{"line":18,"column":2},"end":{"line":29,"column":3}},"8":{"start":{"line":25,"column":8},"end":{"line":25,"column":53}}},"fnMap":{"0":{"name":"(anonymous_0)","decl":{"start":{"line":12,"column":14},"end":{"line":12,"column":15}},"loc":{"start":{"line":12,"column":31},"end":{"line":30,"column":1}},"line":12},"1":{"name":"(anonymous_1)","decl":{"start":{"line":24,"column":40},"end":{"line":24,"column":41}},"loc":{"start":{"line":25,"column":8},"end":{"line":25,"column":53}},"line":25}},"branchMap":{"0":{"loc":{"start":{"line":15,"column":2},"end":{"line":15,"column":56}},"type":"if","locations":[{"start":{"line":15,"column":2},"end":{"line":15,"column":56}},{"start":{"line":15,"column":2},"end":{"line":15,"column":56}}],"line":15},"1":{"loc":{"start":{"line":16,"column":2},"end":{"line":16,"column":34}},"type":"if","locations":[{"start":{"line":16,"column":2},"end":{"line":16,"column":34}},{"start":{"line":16,"column":2},"end":{"line":16,"column":34}}],"line":16},"2":{"loc":{"start":{"line":24,"column":7},"end":{"line":26,"column":8}},"type":"binary-expr","locations":[{"start":{"line":24,"column":7},"end":{"line":24,"column":19}},{"start":{"line":24,"column":23},"end":{"line":26,"column":8}}],"line":24}},"s":{"0":2,"1":1,"2":1,"3":1,"4":0,"5":1,"6":1,"7":0,"8":0},"f":{"0":1,"1":0},"b":{"0":[0,1],"1":[1,0],"2":[0,0]},"_coverageSchema":"43e27e138ebf9cfc5966b082cf9a028302ed4184","hash":"54ffd9151ab7f70518f93fefe1bab05bbfbf8c5e"}
,"/Users/balavijays/Works/movies-info-react/src/components/NotFound.js": {"path":"/Users/balavijays/Works/movies-info-react/src/components/NotFound.js","statementMap":{"0":{"start":{"line":3,"column":17},"end":{"line":3,"column":68}},"1":{"start":{"line":3,"column":23},"end":{"line":3,"column":68}}},"fnMap":{"0":{"name":"(anonymous_0)","decl":{"start":{"line":3,"column":17},"end":{"line":3,"column":18}},"loc":{"start":{"line":3,"column":23},"end":{"line":3,"column":68}},"line":3}},"branchMap":{},"s":{"0":2,"1":1},"f":{"0":1},"b":{},"_coverageSchema":"43e27e138ebf9cfc5966b082cf9a028302ed4184","hash":"0ac317161825351f9dde95b570ab7f0c4a029686"}
,"/Users/balavijays/Works/movies-info-react/src/components/elements/Actor/Actor.js": {"path":"/Users/balavijays/Works/movies-info-react/src/components/elements/Actor/Actor.js","statementMap":{"0":{"start":{"line":6,"column":14},"end":{"line":12,"column":1}},"1":{"start":{"line":7,"column":2},"end":{"line":11,"column":16}},"2":{"start":{"line":14,"column":0},"end":{"line":16,"column":1}}},"fnMap":{"0":{"name":"(anonymous_0)","decl":{"start":{"line":6,"column":14},"end":{"line":6,"column":15}},"loc":{"start":{"line":7,"column":2},"end":{"line":11,"column":16}},"line":7}},"branchMap":{},"s":{"0":3,"1":2,"2":3},"f":{"0":2},"b":{},"_coverageSchema":"43e27e138ebf9cfc5966b082cf9a028302ed4184","hash":"4e91e084dc3f2ac538b492eadc7f4fc297244264"}
,"/Users/balavijays/Works/movies-info-react/src/components/elements/Grid/Grid.js": {"path":"/Users/balavijays/Works/movies-info-react/src/components/elements/Grid/Grid.js","statementMap":{"0":{"start":{"line":6,"column":13},"end":{"line":11,"column":1}},"1":{"start":{"line":7,"column":2},"end":{"line":10,"column":15}},"2":{"start":{"line":13,"column":0},"end":{"line":15,"column":1}}},"fnMap":{"0":{"name":"(anonymous_0)","decl":{"start":{"line":6,"column":13},"end":{"line":6,"column":14}},"loc":{"start":{"line":7,"column":2},"end":{"line":10,"column":15}},"line":7}},"branchMap":{},"s":{"0":4,"1":1,"2":4},"f":{"0":1},"b":{},"_coverageSchema":"43e27e138ebf9cfc5966b082cf9a028302ed4184","hash":"18635f2e57dea122401a332594040415bf73a764"}
,"/Users/balavijays/Works/movies-info-react/src/components/elements/Header/Header.js": {"path":"/Users/balavijays/Works/movies-info-react/src/components/elements/Header/Header.js","statementMap":{"0":{"start":{"line":13,"column":15},"end":{"line":22,"column":1}},"1":{"start":{"line":14,"column":0},"end":{"line":21,"column":15}}},"fnMap":{"0":{"name":"(anonymous_0)","decl":{"start":{"line":13,"column":15},"end":{"line":13,"column":16}},"loc":{"start":{"line":14,"column":0},"end":{"line":21,"column":15}},"line":14}},"branchMap":{},"s":{"0":2,"1":1},"f":{"0":1},"b":{},"_coverageSchema":"43e27e138ebf9cfc5966b082cf9a028302ed4184","hash":"912156486cc7b2b78ee1697698f3137c017dc660"}
,"/Users/balavijays/Works/movies-info-react/src/components/elements/MovieInfo/MovieInfo.js": {"path":"/Users/balavijays/Works/movies-info-react/src/components/elements/MovieInfo/MovieInfo.js","statementMap":{"0":{"start":{"line":11,"column":18},"end":{"line":33,"column":1}},"1":{"start":{"line":12,"column":2},"end":{"line":32,"column":20}},"2":{"start":{"line":35,"column":0},"end":{"line":38,"column":1}}},"fnMap":{"0":{"name":"(anonymous_0)","decl":{"start":{"line":11,"column":18},"end":{"line":11,"column":19}},"loc":{"start":{"line":12,"column":2},"end":{"line":32,"column":20}},"line":12}},"branchMap":{"0":{"loc":{"start":{"line":17,"column":12},"end":{"line":19,"column":23}},"type":"cond-expr","locations":[{"start":{"line":18,"column":16},"end":{"line":18,"column":69}},{"start":{"line":19,"column":16},"end":{"line":19,"column":23}}],"line":17}},"s":{"0":3,"1":1,"2":3},"f":{"0":1},"b":{"0":[0,1]},"_coverageSchema":"43e27e138ebf9cfc5966b082cf9a028302ed4184","hash":"75d6ffb245610122b6c3e4c5fb9c7b7bbe0e2f08"}
,"/Users/balavijays/Works/movies-info-react/src/components/elements/MovieThumb/MovieThumb.js": {"path":"/Users/balavijays/Works/movies-info-react/src/components/elements/MovieThumb/MovieThumb.js","statementMap":{"0":{"start":{"line":7,"column":19},"end":{"line":18,"column":1}},"1":{"start":{"line":8,"column":2},"end":{"line":17,"column":21}},"2":{"start":{"line":20,"column":0},"end":{"line":24,"column":1}}},"fnMap":{"0":{"name":"(anonymous_0)","decl":{"start":{"line":7,"column":19},"end":{"line":7,"column":20}},"loc":{"start":{"line":8,"column":2},"end":{"line":17,"column":21}},"line":8}},"branchMap":{"0":{"loc":{"start":{"line":9,"column":5},"end":{"line":16,"column":5}},"type":"cond-expr","locations":[{"start":{"line":10,"column":6},"end":{"line":13,"column":13}},{"start":{"line":15,"column":6},"end":{"line":15,"column":42}}],"line":9}},"s":{"0":5,"1":1,"2":5},"f":{"0":1},"b":{"0":[0,1]},"_coverageSchema":"43e27e138ebf9cfc5966b082cf9a028302ed4184","hash":"fba80186359f1e943fa4e2e7e4584055a85b8dba"}
,"/Users/balavijays/Works/movies-info-react/src/components/elements/Navigation/Navigation.js": {"path":"/Users/balavijays/Works/movies-info-react/src/components/elements/Navigation/Navigation.js","statementMap":{"0":{"start":{"line":7,"column":19},"end":{"line":17,"column":1}},"1":{"start":{"line":8,"column":2},"end":{"line":16,"column":21}},"2":{"start":{"line":19,"column":0},"end":{"line":21,"column":1}}},"fnMap":{"0":{"name":"(anonymous_0)","decl":{"start":{"line":7,"column":19},"end":{"line":7,"column":20}},"loc":{"start":{"line":8,"column":2},"end":{"line":16,"column":21}},"line":8}},"branchMap":{},"s":{"0":3,"1":1,"2":3},"f":{"0":1},"b":{},"_coverageSchema":"43e27e138ebf9cfc5966b082cf9a028302ed4184","hash":"416389bfb2d50edb1eb55881680c76b628e59f65"}
,"/Users/balavijays/Works/movies-info-react/src/components/elements/Spinner/Spinner.js": {"path":"/Users/balavijays/Works/movies-info-react/src/components/elements/Spinner/Spinner.js","statementMap":{"0":{"start":{"line":5,"column":16},"end":{"line":5,"column":38}},"1":{"start":{"line":5,"column":21},"end":{"line":5,"column":38}}},"fnMap":{"0":{"name":"(anonymous_0)","decl":{"start":{"line":5,"column":16},"end":{"line":5,"column":17}},"loc":{"start":{"line":5,"column":21},"end":{"line":5,"column":38}},"line":5}},"branchMap":{},"s":{"0":4,"1":2},"f":{"0":2},"b":{},"_coverageSchema":"43e27e138ebf9cfc5966b082cf9a028302ed4184","hash":"2f2a5f5d2de497459f3a73e425f6e63bf9126dd3"}
,"/Users/balavijays/Works/movies-info-react/src/components/styles/GlobalStyle.js": {"path":"/Users/balavijays/Works/movies-info-react/src/components/styles/GlobalStyle.js","statementMap":{"0":{"start":{"line":3,"column":27},"end":{"line":9,"column":1}}},"fnMap":{},"branchMap":{},"s":{"0":1},"f":{},"b":{},"_coverageSchema":"43e27e138ebf9cfc5966b082cf9a028302ed4184","hash":"d81203725cd10f555598e956aa3b2ebb6b14fae5"}
,"/Users/balavijays/Works/movies-info-react/src/components/styles/StyledActor.js": {"path":"/Users/balavijays/Works/movies-info-react/src/components/styles/StyledActor.js","statementMap":{"0":{"start":{"line":3,"column":27},"end":{"line":30,"column":1}}},"fnMap":{},"branchMap":{},"s":{"0":3},"f":{},"b":{},"_coverageSchema":"43e27e138ebf9cfc5966b082cf9a028302ed4184","hash":"8351b9764abfa742b3818b1672137a7fbfb67023"}
,"/Users/balavijays/Works/movies-info-react/src/components/styles/StyledGrid.js": {"path":"/Users/balavijays/Works/movies-info-react/src/components/styles/StyledGrid.js","statementMap":{"0":{"start":{"line":3,"column":26},"end":{"line":15,"column":1}},"1":{"start":{"line":17,"column":33},"end":{"line":38,"column":1}}},"fnMap":{},"branchMap":{},"s":{"0":4,"1":4},"f":{},"b":{},"_coverageSchema":"43e27e138ebf9cfc5966b082cf9a028302ed4184","hash":"08b46ad8b3fe183ffbd561b2b07e39aee48dfc95"}
,"/Users/balavijays/Works/movies-info-react/src/components/styles/StyledHeader.js": {"path":"/Users/balavijays/Works/movies-info-react/src/components/styles/StyledHeader.js","statementMap":{"0":{"start":{"line":3,"column":28},"end":{"line":29,"column":1}},"1":{"start":{"line":31,"column":30},"end":{"line":39,"column":1}},"2":{"start":{"line":41,"column":30},"end":{"line":51,"column":1}}},"fnMap":{},"branchMap":{},"s":{"0":2,"1":2,"2":2},"f":{},"b":{},"_coverageSchema":"43e27e138ebf9cfc5966b082cf9a028302ed4184","hash":"412d6d0de9a03d305a3648287683dd8d038cd2bb"}
,"/Users/balavijays/Works/movies-info-react/src/components/styles/StyledMovieInfo.js": {"path":"/Users/balavijays/Works/movies-info-react/src/components/styles/StyledMovieInfo.js","statementMap":{"0":{"start":{"line":4,"column":31},"end":{"line":99,"column":1}}},"fnMap":{},"branchMap":{},"s":{"0":3},"f":{},"b":{},"_coverageSchema":"43e27e138ebf9cfc5966b082cf9a028302ed4184","hash":"7c34c7fe37b1fa84bbdf847f40257ab9b0153dbe"}
,"/Users/balavijays/Works/movies-info-react/src/components/styles/StyledMovieThumb.js": {"path":"/Users/balavijays/Works/movies-info-react/src/components/styles/StyledMovieThumb.js","statementMap":{"0":{"start":{"line":3,"column":32},"end":{"line":27,"column":1}}},"fnMap":{},"branchMap":{},"s":{"0":5},"f":{},"b":{},"_coverageSchema":"43e27e138ebf9cfc5966b082cf9a028302ed4184","hash":"cfb9a250311730815be1ef70b85c577efec80514"}
,"/Users/balavijays/Works/movies-info-react/src/components/styles/StyledNavigation.js": {"path":"/Users/balavijays/Works/movies-info-react/src/components/styles/StyledNavigation.js","statementMap":{"0":{"start":{"line":3,"column":32},"end":{"line":30,"column":1}}},"fnMap":{},"branchMap":{},"s":{"0":3},"f":{},"b":{},"_coverageSchema":"43e27e138ebf9cfc5966b082cf9a028302ed4184","hash":"cd5f24b492bb9eb322659f5a26b6748008d6b274"}
,"/Users/balavijays/Works/movies-info-react/src/components/styles/StyledSpinner.js": {"path":"/Users/balavijays/Works/movies-info-react/src/components/styles/StyledSpinner.js","statementMap":{"0":{"start":{"line":3,"column":29},"end":{"line":20,"column":1}}},"fnMap":{},"branchMap":{},"s":{"0":4},"f":{},"b":{},"_coverageSchema":"43e27e138ebf9cfc5966b082cf9a028302ed4184","hash":"d0b88f7717719156ebd81ccba7095f8ba61e069e"}
}
