TN:
SF:/Users/balavijays/Works/movies-info-react/src/config.js
FNF:0
FNH:0
DA:5,4
DA:6,4
DA:8,4
DA:9,4
DA:11,4
DA:13,4
DA:15,4
LF:7
LH:7
BRF:0
BRH:0
end_of_record
TN:
SF:/Users/balavijays/Works/movies-info-react/src/components/App.js
FN:11,(anonymous_0)
FNF:1
FNH:1
FNDA:1,(anonymous_0)
DA:11,1
DA:12,1
LF:2
LH:2
BRF:0
BRH:0
end_of_record
TN:
SF:/Users/balavijays/Works/movies-info-react/src/components/Home.js
FN:18,(anonymous_0)
FN:37,(anonymous_1)
FNF:2
FNH:1
FNDA:2,(anonymous_0)
FNDA:0,(anonymous_1)
DA:18,2
DA:26,2
DA:31,2
DA:32,2
DA:34,0
DA:38,0
LF:6
LH:4
BRDA:31,0,0,0
BRDA:31,0,1,2
BRDA:32,1,0,2
BRDA:32,1,1,0
BRDA:42,2,0,0
BRDA:42,2,1,0
BRDA:51,3,0,0
BRDA:51,3,1,0
BRF:8
BRH:2
end_of_record
TN:
SF:/Users/balavijays/Works/movies-info-react/src/components/Movie.js
FN:12,(anonymous_0)
FN:24,(anonymous_1)
FNF:2
FNH:1
FNDA:1,(anonymous_0)
FNDA:0,(anonymous_1)
DA:12,2
DA:13,1
DA:14,1
DA:15,1
DA:16,1
DA:18,0
DA:25,0
LF:7
LH:5
BRDA:15,0,0,0
BRDA:15,0,1,1
BRDA:16,1,0,1
BRDA:16,1,1,0
BRDA:24,2,0,0
BRDA:24,2,1,0
BRF:6
BRH:2
end_of_record
TN:
SF:/Users/balavijays/Works/movies-info-react/src/components/NotFound.js
FN:3,(anonymous_0)
FNF:1
FNH:1
FNDA:1,(anonymous_0)
DA:3,2
LF:1
LH:1
BRF:0
BRH:0
end_of_record
TN:
SF:/Users/balavijays/Works/movies-info-react/src/components/elements/Actor/Actor.js
FN:6,(anonymous_0)
FNF:1
FNH:1
FNDA:2,(anonymous_0)
DA:6,3
DA:7,2
DA:14,3
LF:3
LH:3
BRF:0
BRH:0
end_of_record
TN:
SF:/Users/balavijays/Works/movies-info-react/src/components/elements/Grid/Grid.js
FN:6,(anonymous_0)
FNF:1
FNH:1
FNDA:1,(anonymous_0)
DA:6,4
DA:7,1
DA:13,4
LF:3
LH:3
BRF:0
BRH:0
end_of_record
TN:
SF:/Users/balavijays/Works/movies-info-react/src/components/elements/Header/Header.js
FN:13,(anonymous_0)
FNF:1
FNH:1
FNDA:1,(anonymous_0)
DA:13,2
DA:14,1
LF:2
LH:2
BRF:0
BRH:0
end_of_record
TN:
SF:/Users/balavijays/Works/movies-info-react/src/components/elements/MovieInfo/MovieInfo.js
FN:11,(anonymous_0)
FNF:1
FNH:1
FNDA:1,(anonymous_0)
DA:11,3
DA:12,1
DA:35,3
LF:3
LH:3
BRDA:17,0,0,0
BRDA:17,0,1,1
BRF:2
BRH:1
end_of_record
TN:
SF:/Users/balavijays/Works/movies-info-react/src/components/elements/MovieThumb/MovieThumb.js
FN:7,(anonymous_0)
FNF:1
FNH:1
FNDA:1,(anonymous_0)
DA:7,5
DA:8,1
DA:20,5
LF:3
LH:3
BRDA:9,0,0,0
BRDA:9,0,1,1
BRF:2
BRH:1
end_of_record
TN:
SF:/Users/balavijays/Works/movies-info-react/src/components/elements/Navigation/Navigation.js
FN:7,(anonymous_0)
FNF:1
FNH:1
FNDA:1,(anonymous_0)
DA:7,3
DA:8,1
DA:19,3
LF:3
LH:3
BRF:0
BRH:0
end_of_record
TN:
SF:/Users/balavijays/Works/movies-info-react/src/components/elements/Spinner/Spinner.js
FN:5,(anonymous_0)
FNF:1
FNH:1
FNDA:2,(anonymous_0)
DA:5,4
LF:1
LH:1
BRF:0
BRH:0
end_of_record
TN:
SF:/Users/balavijays/Works/movies-info-react/src/components/styles/GlobalStyle.js
FNF:0
FNH:0
DA:3,1
LF:1
LH:1
BRF:0
BRH:0
end_of_record
TN:
SF:/Users/balavijays/Works/movies-info-react/src/components/styles/StyledActor.js
FNF:0
FNH:0
DA:3,3
LF:1
LH:1
BRF:0
BRH:0
end_of_record
TN:
SF:/Users/balavijays/Works/movies-info-react/src/components/styles/StyledGrid.js
FNF:0
FNH:0
DA:3,4
DA:17,4
LF:2
LH:2
BRF:0
BRH:0
end_of_record
TN:
SF:/Users/balavijays/Works/movies-info-react/src/components/styles/StyledHeader.js
FNF:0
FNH:0
DA:3,2
DA:31,2
DA:41,2
LF:3
LH:3
BRF:0
BRH:0
end_of_record
TN:
SF:/Users/balavijays/Works/movies-info-react/src/components/styles/StyledMovieInfo.js
FNF:0
FNH:0
DA:4,3
LF:1
LH:1
BRF:0
BRH:0
end_of_record
TN:
SF:/Users/balavijays/Works/movies-info-react/src/components/styles/StyledMovieThumb.js
FNF:0
FNH:0
DA:3,5
LF:1
LH:1
BRF:0
BRH:0
end_of_record
TN:
SF:/Users/balavijays/Works/movies-info-react/src/components/styles/StyledNavigation.js
FNF:0
FNH:0
DA:3,3
LF:1
LH:1
BRF:0
BRH:0
end_of_record
TN:
SF:/Users/balavijays/Works/movies-info-react/src/components/styles/StyledSpinner.js
FNF:0
FNH:0
DA:3,4
LF:1
LH:1
BRF:0
BRH:0
end_of_record
